IQ-TREE multicore version 1.6.12 for Linux 64-bit built Mar 23 2020
Developed by Bui Quang Minh, Nguyen Lam Tung, Olga Chernomor,
Heiko Schmidt, Dominik Schrempf, Michael Woodhams.

Host:    ENVGEN066 (AVX2, FMA3, 31 GB RAM)
Command: iqtree -s PoMo_New_full_count.cf -m TEST -o Ptr -redo -bb 1000
Seed:    327949 (Using SPRNG - Scalable Parallel Random Number Generator)
Time:    Tue Jan 12 17:55:59 2021
Kernel:  AVX+FMA - 1 threads (32 CPU cores detected)

HINT: Use -nt option to specify number of threads because your CPU has 32 cores!
HINT: -nt AUTO will automatically determine the best number of threads to use.

Reading alignment file PoMo_New_full_count.cf ... Counts format (PoMo) detected

----------------------------------------------------------------------
Number of populations:     9
Number of sites:           5782053
---
Normal sites:              5781553
Sites with unknown states: 500
Total sites read:          5782053
Fails:                     0
---
Compound states:           557
----------------------------------------------------------------------

The average number of samples is 12.111
Alignment has 9 sequences with 5782053 columns, 1506 distinct patterns
0 parsimony-informative, 36057 singleton sites, 5745996 constant sites
NOTE: The composition test for PoMo only tests the proportion of fixed states!
              Gap/Ambiguity  Composition  p-value
   1  Azerbaijan      0.01%    passed    100.00%
   2  California      0.01%    passed     99.99%
   3  Denmark         0.01%    passed     99.95%
   4  France          0.01%    passed     99.95%
   5  Iran            0.01%    passed     99.97%
   6  Morocco         0.01%    passed     99.99%
   7  Ptm             0.01%    passed     99.99%
   8  Ptr             0.01%    passed     94.75%
   9  North_Dakota    0.01%    passed     99.91%
****  TOTAL           0.01%  0 sequences failed composition chi2 test (p-value<5%; df=3)
NOTE: minimal branch length is reduced to 0.000000017295 for long alignment
NOTE: minimal branch length is increased to 0.000001400887 because PoMo infers number of mutations and frequency shifts
NOTE: maximal branch length is increased to 810.0 because PoMo infers number of mutations and frequency shifts

NOTE: Restoring information from model checkpoint file PoMo_New_full_count.cf.model.gz

CHECKPOINT: Initial tree restored
NOTE: ModelFinder requires 28 MB RAM!
ModelFinder will test 44 PoMo models (sample size: 5782053) ...
 No. Model         -LnL         df  AIC          AICc         BIC
  1  JC+FQ+P+N9    8333280.379  16  16666592.758 16666592.758 16666809.882
  2  JC+FQ+P+N9+G4 8333272.613  17  16666579.226 16666579.226 16666809.921
  3  F81+F+P+N9    8326907.167  19  16653852.334 16653852.334 16654110.169
  4  F81+F+P+N9+G4 8326899.413  20  16653838.826 16653838.826 16654110.231
  5  K2P+FQ+P+N9   8321803.705  17  16643641.410 16643641.410 16643872.105
  6  K2P+FQ+P+N9+G4 8326039.850  18  16652115.700 16652115.700 16652359.965
  7  HKY+F+P+N9    8315398.809  20  16630837.618 16630837.618 16631109.023
  8  HKY+F+P+N9+G4 8319621.013  21  16639284.026 16639284.026 16639569.002
  9  TNe+FQ+P+N9   8321803.705  18  16643643.410 16643643.410 16643887.675
 10  TNe+FQ+P+N9+G4 8326039.831  19  16652117.662 16652117.662 16652375.497
 11  TN+F+P+N9     8315398.809  21  16630839.618 16630839.618 16631124.594
 12  TN+F+P+N9+G4  8319620.994  22  16639285.988 16639285.988 16639584.534
 13  K3P+FQ+P+N9   8321803.705  18  16643643.410 16643643.410 16643887.675
 14  K3P+FQ+P+N9+G4 8326039.811  19  16652117.622 16652117.622 16652375.457
 15  K3Pu+F+P+N9   8315398.809  21  16630839.618 16630839.618 16631124.594
 16  K3Pu+F+P+N9+G4 8319620.974  22  16639285.948 16639285.948 16639584.494
 17  TPM2+F+P+N9   8315398.809  21  16630839.618 16630839.618 16631124.594
 18  TPM2+F+P+N9+G4 8319620.964  22  16639285.928 16639285.928 16639584.474
 19  TPM2u+F+P+N9  8315398.809  21  16630839.618 16630839.618 16631124.594
 20  TPM2u+F+P+N9+G4 8319620.954  22  16639285.908 16639285.908 16639584.454
 21  TPM3+F+P+N9   8315398.809  21  16630839.618 16630839.618 16631124.594
 22  TPM3+F+P+N9+G4 8319620.944  22  16639285.888 16639285.888 16639584.434
 23  TPM3u+F+P+N9  8315398.809  21  16630839.618 16630839.618 16631124.594
 24  TPM3u+F+P+N9+G4 8319620.933  22  16639285.866 16639285.866 16639584.412
 25  TIMe+FQ+P+N9  8321803.705  19  16643645.410 16643645.410 16643903.245
 26  TIMe+FQ+P+N9+G4 8326039.750  20  16652119.500 16652119.500 16652390.905
 27  TIM+F+P+N9    8315398.809  22  16630841.618 16630841.618 16631140.164
 28  TIM+F+P+N9+G4 8319620.913  23  16639287.826 16639287.826 16639599.942
 29  TIM2e+FQ+P+N9 8321803.705  19  16643645.410 16643645.410 16643903.245
 30  TIM2e+FQ+P+N9+G4 8326039.730  20  16652119.460 16652119.460 16652390.865
 31  TIM2+F+P+N9   8315398.809  22  16630841.618 16630841.618 16631140.164
 32  TIM2+F+P+N9+G4 8319620.892  23  16639287.784 16639287.784 16639599.900
 33  TIM3e+FQ+P+N9 8321803.705  19  16643645.410 16643645.410 16643903.245
 34  TIM3e+FQ+P+N9+G4 8326039.709  20  16652119.418 16652119.418 16652390.823
 35  TIM3+F+P+N9   8315398.809  22  16630841.618 16630841.618 16631140.164
 36  TIM3+F+P+N9+G4 8319620.871  23  16639287.742 16639287.742 16639599.858
 37  TVMe+FQ+P+N9  8321803.705  20  16643647.410 16643647.410 16643918.815
 38  TVMe+FQ+P+N9+G4 8326039.688  21  16652121.376 16652121.376 16652406.352
 39  TVM+F+P+N9    8315398.809  23  16630843.618 16630843.618 16631155.734
 40  TVM+F+P+N9+G4 8319620.850  24  16639289.700 16639289.700 16639615.386
 41  SYM+FQ+P+N9   8321803.705  21  16643649.410 16643649.410 16643934.386
 42  SYM+FQ+P+N9+G4 8326039.667  22  16652123.334 16652123.334 16652421.880
 43  GTR+F+P+N9    8315398.809  24  16630845.618 16630845.618 16631171.304
 44  GTR+F+P+N9+G4 8319620.829  25  16639291.658 16639291.658 16639630.915
Akaike Information Criterion:           HKY+F+P+N9
Corrected Akaike Information Criterion: HKY+F+P+N9
Bayesian Information Criterion:         HKY+F+P+N9
Best-fit model: HKY+F+P+N9 chosen according to BIC

All model information printed to PoMo_New_full_count.cf.model.gz
CPU time for ModelFinder: 0.129 seconds (0h:0m:0s)
Wall-clock time for ModelFinder: 0.129 seconds (0h:0m:0s)
Generating 1000 samples for ultrafast bootstrap (seed: 327949)...

NOTE: 11 MB RAM (0 GB) is required!
Estimate model parameters (epsilon = 0.100)
1. Initial log-likelihood: -8328744.423
2. Current log-likelihood: -8325985.849
3. Current log-likelihood: -8317093.174
4. Current log-likelihood: -8315406.634
5. Current log-likelihood: -8315399.384
6. Current log-likelihood: -8315398.632
Optimal log-likelihood: -8315398.543
PoMo with N=9 and HKY (Hasegawa, Kishino and Yano, 1985) mutation model; Sampling method: Weighted binomial; 52 states in total;

--
Model parameters.
Mutation    rates:  A-C: 0.00001  A-G: 0.00006  A-T: 0.00001  C-G: 0.00001  C-T: 0.00006  G-T: 0.00001
Exchangeabilities:  A-C: 0.00005  A-G: 0.00024  A-T: 0.00005  C-G: 0.00005  C-T: 0.00024  G-T: 0.00005
Base frequencies:  A: 0.262  C: 0.238  G: 0.239  T: 0.261
Estimated heterozygosity: 0.0001
A slight overestimation is expected and an effect of weighted binomial sampling; see manual.
--
Empirical quantities.
Base frequencies:  A: 0.262  C: 0.238  G: 0.239  T: 0.261
Watterson's estimator of heterozygosity: 0.0000
--

Parameters optimization took 6 rounds (6.0940 sec)
Computing ML distances based on estimated model parameters... 0.2170 sec
Computing BIONJ tree...
0.0002 seconds
Log-likelihood of BIONJ tree: -8315343.3928
--------------------------------------------------------------------
|             INITIALIZING CANDIDATE TREE SET                      |
--------------------------------------------------------------------
Generating 98 parsimony trees... 0.6811 second
Computing log-likelihood of 77 initial trees ... 7.8626 seconds
Current best score: -8315343.3928

Do NNI search on 20 best initial trees
Estimate model parameters (epsilon = 0.1000)
BETTER TREE FOUND at iteration 1: -8315339.3832
Iteration 10 / LogL: -8315339.3855 / Time: 0h:0m:25s
Iteration 20 / LogL: -8315339.4102 / Time: 0h:0m:37s
Finish initializing candidate tree set (1)
Current best tree score: -8315339.3832 / CPU time: 30.3892
Number of iterations: 20
--------------------------------------------------------------------
|               OPTIMIZING CANDIDATE TREE SET                      |
--------------------------------------------------------------------
WARNING: NNI search needs unusual large number of steps (9) to converge!
Iteration 30 / LogL: -8315339.4028 / Time: 0h:0m:45s (0h:1m:52s left)
Iteration 40 / LogL: -8315339.3844 / Time: 0h:0m:55s (0h:1m:27s left)
Iteration 50 / LogL: -8315339.6653 / Time: 0h:1m:3s (0h:1m:6s left)
Log-likelihood cutoff on original alignment: -8315379.8021
Iteration 60 / LogL: -8315339.3986 / Time: 0h:1m:11s (0h:0m:49s left)
UPDATE BEST LOG-LIKELIHOOD: -8315339.3832
Iteration 70 / LogL: -8315339.3863 / Time: 0h:1m:20s (0h:0m:36s left)
Iteration 80 / LogL: -8315340.2984 / Time: 0h:1m:27s (0h:0m:23s left)
Iteration 90 / LogL: -8315339.4516 / Time: 0h:1m:36s (0h:0m:11s left)
Iteration 100 / LogL: -8315339.3881 / Time: 0h:1m:45s (0h:0m:1s left)
Log-likelihood cutoff on original alignment: -8315379.8021
NOTE: Bootstrap correlation coefficient of split occurrence frequencies: 1.0000
TREE SEARCH COMPLETED AFTER 102 ITERATIONS / Time: 0h:1m:47s

--------------------------------------------------------------------
|                    FINALIZING TREE SEARCH                        |
--------------------------------------------------------------------
Performs final model parameters optimization
Estimate model parameters (epsilon = 0.0100)
1. Initial log-likelihood: -8315339.3832
Optimal log-likelihood: -8315339.3832
PoMo with N=9 and HKY (Hasegawa, Kishino and Yano, 1985) mutation model; Sampling method: Weighted binomial; 52 states in total;

--
Model parameters.
Mutation    rates:  A-C: 0.00001  A-G: 0.00006  A-T: 0.00001  C-G: 0.00001  C-T: 0.00006  G-T: 0.00001
Exchangeabilities:  A-C: 0.00005  A-G: 0.00024  A-T: 0.00005  C-G: 0.00005  C-T: 0.00024  G-T: 0.00005
Base frequencies:  A: 0.262  C: 0.238  G: 0.239  T: 0.261
Estimated heterozygosity: 0.0001
A slight overestimation is expected and an effect of weighted binomial sampling; see manual.
--
Empirical quantities.
Base frequencies:  A: 0.262  C: 0.238  G: 0.239  T: 0.261
Watterson's estimator of heterozygosity: 0.0000
--

Parameters optimization took 1 rounds (0.4741 sec)
BEST SCORE FOUND : -8315339.3832
Creating bootstrap support values...
Split supports printed to NEXUS file PoMo_New_full_count.cf.splits.nex
Total tree length: 0.4606

Total number of iterations: 102
CPU time used for tree search: 100.4300 sec (0h:1m:40s)
Wall-clock time used for tree search: 100.4969 sec (0h:1m:40s)
Total CPU time used: 107.6859 sec (0h:1m:47s)
Total wall-clock time used: 107.7610 sec (0h:1m:47s)

Computing bootstrap consensus tree...
Reading input file PoMo_New_full_count.cf.splits.nex...
9 taxa and 29 splits.
Consensus tree written to PoMo_New_full_count.cf.contree
Reading input trees file PoMo_New_full_count.cf.contree
Log-likelihood of consensus tree: -8315339.3882

Analysis results written to: 
  IQ-TREE report:                PoMo_New_full_count.cf.iqtree
  Maximum-likelihood tree:       PoMo_New_full_count.cf.treefile
  Likelihood distances:          PoMo_New_full_count.cf.mldist

Ultrafast bootstrap approximation results written to:
  Split support values:          PoMo_New_full_count.cf.splits.nex
  Consensus tree:                PoMo_New_full_count.cf.contree
  Screen log file:               PoMo_New_full_count.cf.log

Date and Time: Tue Jan 12 17:58:19 2021
